<?xml version="1.0" encoding="UTF-8"?>
<!-- Generated by org.testng.reporters.JUnitReportReporter -->
<testsuite hostname="DESKTOP-RVC0DF7" failures="0" tests="1" name="com.ERP.DDT.ReadDataFromJSON_Test" time="0.012" errors="0" timestamp="2022-12-29T13:23:38 IST" skipped="0">
  <testcase classname="com.ERP.DDT.ReadDataFromJSON_Test" name="readDataFromJson" time="0.012"/>
  <system-out/>
</testsuite> <!-- com.ERP.DDT.ReadDataFromJSON_Test -->
