<?xml version="1.0" encoding="UTF-8"?>
<!-- Generated by org.testng.reporters.JUnitReportReporter -->
<testsuite hostname="DESKTOP-RVC0DF7" failures="0" tests="1" name="IntegrationTestCases.TC_02EditProductAsAdminVerifyTest" time="5.612" errors="0" timestamp="2023-01-02T12:33:21 IST" skipped="0">
  <testcase classname="IntegrationTestCases.TC_02EditProductAsAdminVerifyTest" name="editProductInProductList" time="5.612"/>
  <system-out/>
</testsuite> <!-- IntegrationTestCases.TC_02EditProductAsAdminVerifyTest -->
