<?xml version="1.0" encoding="UTF-8"?>
<!-- Generated by org.testng.reporters.JUnitReportReporter -->
<testsuite hostname="DESKTOP-RVC0DF7" failures="0" tests="1" name="com.ERP.DDT.WriteToExcel" time="2.643" errors="0" timestamp="2023-01-06T10:17:43 IST" skipped="0">
  <testcase classname="com.ERP.DDT.WriteToExcel" name="writeToExcel" time="2.643"/>
  <system-out/>
</testsuite> <!-- com.ERP.DDT.WriteToExcel -->
