<?xml version="1.0" encoding="UTF-8"?>
<!-- Generated by org.testng.reporters.JUnitReportReporter -->
<testsuite hostname="DESKTOP-RVC0DF7" failures="0" tests="1" name="com.ERP.DDT.WriteToExcelManuFacDetails" time="1.892" errors="0" timestamp="2023-01-06T12:40:35 IST" skipped="0">
  <testcase classname="com.ERP.DDT.WriteToExcelManuFacDetails" name="writeToExcel" time="1.892"/>
  <system-out/>
</testsuite> <!-- com.ERP.DDT.WriteToExcelManuFacDetails -->
