<?xml version="1.0" encoding="UTF-8"?>
<!-- Generated by org.testng.reporters.JUnitReportReporter -->
<testsuite hostname="DESKTOP-RVC0DF7" failures="0" tests="1" name="ReadAndWriteDataFromFiles.ReadFromPropFiles" time="0.009" errors="0" timestamp="2022-12-13T23:37:34 IST" skipped="0">
  <testcase classname="ReadAndWriteDataFromFiles.ReadFromPropFiles" name="readFromPropetiesFile" time="0.009"/>
  <system-out/>
</testsuite> <!-- ReadAndWriteDataFromFiles.ReadFromPropFiles -->
