<?xml version="1.0" encoding="UTF-8"?>
<!-- Generated by org.testng.reporters.JUnitReportReporter -->
<testsuite hostname="DESKTOP-RVC0DF7" failures="0" tests="1" name="com.ERP.DDT.ReadDataFromXml" time="0.008" errors="0" timestamp="2023-01-05T13:02:00 IST" skipped="0">
  <testcase classname="com.ERP.DDT.ReadDataFromXml" name="readDataFromXmlTest" time="0.008"/>
  <system-out/>
</testsuite> <!-- com.ERP.DDT.ReadDataFromXml -->
