<?xml version="1.0" encoding="UTF-8"?>
<!-- Generated by org.testng.reporters.JUnitReportReporter -->
<testsuite hostname="DESKTOP-RVC0DF7" failures="0" tests="2" name="SDET11_VIN.SDET11_VIN.DemoTestNgTest" time="0.010" errors="0" timestamp="2023-01-02T11:24:37 IST" skipped="0">
  <testcase classname="SDET11_VIN.SDET11_VIN.DemoTestNgTest" name="test1" time="0.009"/>
  <system-out/>
  <testcase classname="SDET11_VIN.SDET11_VIN.DemoTestNgTest" name="test2" time="0.001"/>
  <system-out/>
</testsuite> <!-- SDET11_VIN.SDET11_VIN.DemoTestNgTest -->
