<?xml version="1.0" encoding="UTF-8"?>
<!-- Generated by org.testng.reporters.JUnitReportReporter -->
<testsuite hostname="DESKTOP-RVC0DF7" failures="0" tests="1" name="ReadAndWriteDataFromFiles.WriteToExcel" time="0.720" errors="0" timestamp="2022-12-14T09:37:38 IST" skipped="0">
  <testcase classname="ReadAndWriteDataFromFiles.WriteToExcel" name="writeToExcel" time="0.720"/>
  <system-out/>
</testsuite> <!-- ReadAndWriteDataFromFiles.WriteToExcel -->
