<?xml version="1.0" encoding="UTF-8"?>
<!-- Generated by org.testng.reporters.JUnitReportReporter -->
<testsuite hostname="DESKTOP-RVC0DF7" failures="0" tests="2" name="ReadAndWriteDataFromFiles.ReadFromExcel" time="0.652" errors="0" timestamp="2022-12-14T09:21:31 IST" skipped="0">
  <testcase classname="ReadAndWriteDataFromFiles.ReadFromExcel" name="readFromExcel" time="0.029"/>
  <system-out/>
  <testcase classname="ReadAndWriteDataFromFiles.ReadFromExcel" name="readAllDataFromExcel" time="0.623"/>
  <system-out/>
</testsuite> <!-- ReadAndWriteDataFromFiles.ReadFromExcel -->
