<?xml version="1.0" encoding="UTF-8"?>
<!-- Generated by org.testng.reporters.JUnitReportReporter -->
<testsuite hostname="DESKTOP-RVC0DF7" failures="0" tests="5" name="IntegrationTestCases.TC_08CreateManufcurerTest" time="6.127" errors="0" timestamp="2023-01-06T12:41:59 IST" skipped="0">
  <testcase classname="IntegrationTestCases.TC_08CreateManufcurerTest" name="createManufacturerAsAdminAndVerify" time="1.333"/>
  <system-out/>
  <testcase classname="IntegrationTestCases.TC_08CreateManufcurerTest" name="createManufacturerAsAdminAndVerify" time="1.165"/>
  <system-out/>
  <testcase classname="IntegrationTestCases.TC_08CreateManufcurerTest" name="createManufacturerAsAdminAndVerify" time="1.148"/>
  <system-out/>
  <testcase classname="IntegrationTestCases.TC_08CreateManufcurerTest" name="createManufacturerAsAdminAndVerify" time="1.289"/>
  <system-out/>
  <testcase classname="IntegrationTestCases.TC_08CreateManufcurerTest" name="createManufacturerAsAdminAndVerify" time="1.192"/>
  <system-out/>
</testsuite> <!-- IntegrationTestCases.TC_08CreateManufcurerTest -->
