<?xml version="1.0" encoding="UTF-8"?>
<!-- Generated by org.testng.reporters.JUnitReportReporter -->
<testsuite hostname="DESKTOP-RVC0DF7" failures="0" tests="1" name="IntegrationTestCases.TC_04VerifyProductInManufacturerList" time="7.376" errors="0" timestamp="2023-01-06T15:34:29 IST" skipped="0">
  <testcase classname="IntegrationTestCases.TC_04VerifyProductInManufacturerList" name="checkProductInProductListOfManufacturer" time="7.376"/>
  <system-out/>
</testsuite> <!-- IntegrationTestCases.TC_04VerifyProductInManufacturerList -->
