<?xml version="1.0" encoding="UTF-8"?>
<!-- Generated by org.testng.reporters.JUnitReportReporter -->
<testsuite hostname="DESKTOP-RVC0DF7" failures="0" tests="1" name="IntegrationTestCases.TC_02EditProductAsAdminVerify" time="5.097" errors="0" timestamp="2022-12-28T15:36:05 IST" skipped="0">
  <testcase classname="IntegrationTestCases.TC_02EditProductAsAdminVerify" name="editProductInProductList" time="5.097"/>
  <system-out/>
</testsuite> <!-- IntegrationTestCases.TC_02EditProductAsAdminVerify -->
