<?xml version="1.0" encoding="UTF-8"?>
<!-- Generated by org.testng.reporters.JUnitReportReporter -->
<testsuite hostname="DESKTOP-RVC0DF7" failures="0" tests="1" name="com.ERP.DDT.ReadDataFromCmdLineTest" time="2.275" errors="0" timestamp="2023-01-04T11:50:04 IST" skipped="0">
  <testcase classname="com.ERP.DDT.ReadDataFromCmdLineTest" name="readDataFromCmdLine" time="2.275"/>
  <system-out/>
</testsuite> <!-- com.ERP.DDT.ReadDataFromCmdLineTest -->
